2023-01-30 12:36:27,887 util.Log4JUtil                        INFO  - ****** JMRI log ******* [main]
2023-01-30 12:36:27,898 util.Log4JUtil                        INFO  - This log is appended to file: /home/pi/.jmri/log/messages.log [main]
2023-01-30 12:36:27,899 util.Log4JUtil                        INFO  - This log is stored in file: /home/pi/.jmri/log/session.log [main]
2023-01-30 12:36:27,941 apps.Apps                             INFO  - CATS version 4.26+R381c8dfc32 starts under Java 11.0.16 on Linux aarch64 v5.15.84-v8+ at Mon Jan 30 12:36:27 CST 2023 [main]
2023-01-30 12:36:27,942 apps.Crandic                          INFO  - CATS version 2.43 [main]
2023-01-30 12:36:32,542 apps.Apps                             INFO  - Starting with profile Li100FANDCMRIVIANETWORK.3f5ed7be [main]
2023-01-30 12:36:32,768 node.NodeIdentity                     INFO  - Using jmri-gIMLeXFTbhSiaa1kyXnWLA-3f5ed7be as the JMRI storage identity for profile id 3f5ed7be [AWT-EventQueue-0]
2023-01-30 12:36:33,126 xml.AbstractSerialConnectionConfigXml INFO  - Starting to connect for "XpressNet" [main]
2023-01-30 12:36:33,129 jmrix.AbstractSerialPortController    WARN  - old profile format port speed value converted [main]
2023-01-30 12:36:33,659 li100.LI100Adapter                    INFO  - ttyUSB0 port opened at 9600 baud with DTR: true RTS: true DSR: true CTS: true  CD: true [main]
2023-01-30 12:36:37,103 startup.PerformFileModel              INFO  - Loading file /home/pi/LayoutPanels/LogixForPersLayout.xml [main]
2023-01-30 12:36:45,299 util.FileUtilSupport                  INFO  - File path program: is /home/pi/JMRI/ [main]
2023-01-30 12:36:45,299 util.FileUtilSupport                  INFO  - File path preference: is /home/pi/.jmri/Li100FANDCMRIVIANETWORK/ [main]
2023-01-30 12:36:45,300 util.FileUtilSupport                  INFO  - File path profile: is /home/pi/.jmri/Li100FANDCMRIVIANETWORK/ [main]
2023-01-30 12:36:45,301 util.FileUtilSupport                  INFO  - File path settings: is /home/pi/.jmri/ [main]
2023-01-30 12:36:45,301 util.FileUtilSupport                  INFO  - File path home: is /home/pi/ [main]
2023-01-30 12:36:45,302 util.FileUtilSupport                  INFO  - File path scripts: is /home/pi/.jmri/Li100FANDCMRIVIANETWORK/ [main]
2023-01-30 12:37:07,350 apps.Crandic                          INFO  - main initialization done [main]
2023-01-30 12:37:41,262 jmrix.AbstractMRTrafficController     ERROR - Exit from rcv loop in class jmri.jmrix.jmriclient.JMRIClientTrafficController [jmriclient.JMRIClientTrafficController Receive thread]
2023-01-30 12:38:47,316 configurexml.ConfigXmlManager         WARN  - Could not locate file C:\Documents and Settings\Per Laursen\JMRI\LogixForPersLayout.xml [AWT-EventQueue-0]
2023-01-30 12:38:47,317 apps.Crandic                          WARN  - Could not find C:\Documents and Settings\Per Laursen\JMRI\LogixForPersLayout.xml JMRI panel file [AWT-EventQueue-0]
2023-01-30 12:39:51,893 jmrix.AbstractNetworkPortController   ERROR - Error opening network connection: Connection timed out (Connection timed out) [Connection Recovery communicationspi.local.:2048]
2023-01-30 12:39:53,016 jmrix.AbstractPortController          INFO  - Reconnected to communicationspi.local.:2048 [Connection Recovery communicationspi.local.:2048]
2023-01-30 12:40:43,745 jmrix.AbstractMRTrafficController     WARN  - Timeout on reply to message: TURNOUT CT1033 THROWN
 consecutive timeouts = 0 in jmriclient.JMRIClientTrafficController [jmriclient.JMRIClientTrafficController Transmit thread]
2023-01-30 12:40:45,746 jmrix.AbstractMRTrafficController     WARN  - Timeout on reply to message: TURNOUT CT1015 THROWN
 consecutive timeouts = 1 in jmriclient.JMRIClientTrafficController [jmriclient.JMRIClientTrafficController Transmit thread]
2023-01-30 12:40:47,748 jmrix.AbstractMRTrafficController     WARN  - Timeout on reply to message: TURNOUT CT1018 THROWN
 consecutive timeouts = 2 in jmriclient.JMRIClientTrafficController [jmriclient.JMRIClientTrafficController Transmit thread]
2023-01-30 12:40:49,749 jmrix.AbstractMRTrafficController     WARN  - Timeout on reply to message: TURNOUT CT1036 THROWN
 consecutive timeouts = 3 in jmriclient.JMRIClientTrafficController [jmriclient.JMRIClientTrafficController Transmit thread]
2023-01-30 12:40:51,751 jmrix.AbstractMRTrafficController     WARN  - Timeout on reply to message: TURNOUT CT1021 THROWN
 consecutive timeouts = 4 in jmriclient.JMRIClientTrafficController [jmriclient.JMRIClientTrafficController Transmit thread]
2023-01-30 12:40:53,754 jmrix.AbstractMRTrafficController     WARN  - Timeout on reply to message: TURNOUT CT1024 THROWN
 consecutive timeouts = 5 in jmriclient.JMRIClientTrafficController [jmriclient.JMRIClientTrafficController Transmit thread]
2023-01-30 12:40:55,757 jmrix.AbstractMRTrafficController     WARN  - Timeout on reply to message: TURNOUT CT1027 THROWN
 consecutive timeouts = 6 in jmriclient.JMRIClientTrafficController [jmriclient.JMRIClientTrafficController Transmit thread]
2023-01-30 12:40:57,759 jmrix.AbstractMRTrafficController     WARN  - Timeout on reply to message: TURNOUT CT1039 THROWN
 consecutive timeouts = 7 in jmriclient.JMRIClientTrafficController [jmriclient.JMRIClientTrafficController Transmit thread]
2023-01-30 12:40:59,761 jmrix.AbstractMRTrafficController     WARN  - Timeout on reply to message: TURNOUT CT1042 THROWN
 consecutive timeouts = 8 in jmriclient.JMRIClientTrafficController [jmriclient.JMRIClientTrafficController Transmit thread]
2023-01-30 12:41:01,763 jmrix.AbstractMRTrafficController     WARN  - Timeout on reply to message: TURNOUT CT1045 THROWN
 consecutive timeouts = 9 in jmriclient.JMRIClientTrafficController [jmriclient.JMRIClientTrafficController Transmit thread]
2023-01-30 12:41:03,764 jmrix.AbstractMRTrafficController     WARN  - Timeout on reply to message: TURNOUT CT1048 THROWN
 consecutive timeouts = 10 in jmriclient.JMRIClientTrafficController [jmriclient.JMRIClientTrafficController Transmit thread]
2023-01-30 12:41:05,766 jmrix.AbstractMRTrafficController     WARN  - Timeout on reply to message: TURNOUT CT2009 THROWN
 consecutive timeouts = 11 in jmriclient.JMRIClientTrafficController [jmriclient.JMRIClientTrafficController Transmit thread]
2023-01-30 12:41:07,768 jmrix.AbstractMRTrafficController     WARN  - Timeout on reply to message: TURNOUT CT2012 THROWN
 consecutive timeouts = 12 in jmriclient.JMRIClientTrafficController [jmriclient.JMRIClientTrafficController Transmit thread]
2023-01-30 12:41:09,769 jmrix.AbstractMRTrafficController     WARN  - Timeout on reply to message: TURNOUT CT2018 THROWN
 consecutive timeouts = 13 in jmriclient.JMRIClientTrafficController [jmriclient.JMRIClientTrafficController Transmit thread]
2023-01-30 12:41:11,771 jmrix.AbstractMRTrafficController     WARN  - Timeout on reply to message: TURNOUT CT2015 THROWN
 consecutive timeouts = 14 in jmriclient.JMRIClientTrafficController [jmriclient.JMRIClientTrafficController Transmit thread]
2023-01-30 12:41:11,777 jmrix.AbstractMRTrafficController     ERROR - Exit from rcv loop in class jmri.jmrix.jmriclient.JMRIClientTrafficController [jmriclient.JMRIClientTrafficController Receive thread]
2023-01-30 12:41:13,774 jmrix.AbstractMRTrafficController     WARN  - Timeout on reply to message: TURNOUT CT2024 THROWN
 consecutive timeouts = 15 in jmriclient.JMRIClientTrafficController [jmriclient.JMRIClientTrafficController Transmit thread]
2023-01-30 12:43:22,837 jmrix.AbstractNetworkPortController   ERROR - Error opening network connection: Connection timed out (Connection timed out) [Connection Recovery communicationspi.local.:2048]
2023-01-30 12:43:23,957 jmrix.AbstractPortController          INFO  - Reconnected to communicationspi.local.:2048 [Connection Recovery communicationspi.local.:2048]
2023-01-30 12:43:23,961 jmrix.AbstractMRTrafficController     WARN  - timeout flushes receive buffer:  [jmriclient.JMRIClientTrafficController Receive thread]
2023-01-30 12:43:26,010 jmrix.AbstractMRTrafficController     WARN  - Timeout on reply to message: TURNOUT CT2033 THROWN
 consecutive timeouts = 0 in jmriclient.JMRIClientTrafficController [jmriclient.JMRIClientTrafficController Transmit thread]
2023-01-30 12:43:28,011 jmrix.AbstractMRTrafficController     WARN  - Timeout on reply to message: TURNOUT CT2036 THROWN
 consecutive timeouts = 1 in jmriclient.JMRIClientTrafficController [jmriclient.JMRIClientTrafficController Transmit thread]
2023-01-30 12:43:30,013 jmrix.AbstractMRTrafficController     WARN  - Timeout on reply to message: TURNOUT CT2038 THROWN
 consecutive timeouts = 2 in jmriclient.JMRIClientTrafficController [jmriclient.JMRIClientTrafficController Transmit thread]
2023-01-30 12:43:32,015 jmrix.AbstractMRTrafficController     WARN  - Timeout on reply to message: TURNOUT CT2042 THROWN
 consecutive timeouts = 3 in jmriclient.JMRIClientTrafficController [jmriclient.JMRIClientTrafficController Transmit thread]
2023-01-30 12:43:32,021 jmrix.AbstractMRTrafficController     WARN  - timeout flushes receive buffer:  [jmriclient.JMRIClientTrafficController Receive thread]
2023-01-30 12:43:40,038 jmrix.AbstractMRTrafficController     WARN  - Timeout on reply to message: TURNOUT CT1005 THROWN
 consecutive timeouts = 0 in jmriclient.JMRIClientTrafficController [jmriclient.JMRIClientTrafficController Transmit thread]
2023-01-30 12:43:40,041 jmrix.AbstractMRTrafficController     WARN  - timeout flushes receive buffer:  [jmriclient.JMRIClientTrafficController Receive thread]
2023-01-30 12:44:14,548 jmrix.AbstractMRTrafficController     ERROR - Exit from rcv loop in class jmri.jmrix.jmriclient.JMRIClientTrafficController [jmriclient.JMRIClientTrafficController Receive thread]
2023-01-30 12:46:25,108 jmrix.AbstractNetworkPortController   ERROR - Error opening network connection: Connection timed out (Connection timed out) [Connection Recovery communicationspi.local.:2048]
2023-01-30 12:46:26,230 jmrix.AbstractPortController          INFO  - Reconnected to communicationspi.local.:2048 [Connection Recovery communicationspi.local.:2048]
2023-01-30 12:46:56,553 jmrix.AbstractMRTrafficController     ERROR - Exit from rcv loop in class jmri.jmrix.jmriclient.JMRIClientTrafficController [jmriclient.JMRIClientTrafficController Receive thread]
2023-01-30 12:49:06,900 jmrix.AbstractNetworkPortController   ERROR - Error opening network connection: Connection timed out (Connection timed out) [Connection Recovery communicationspi.local.:2048]
2023-01-30 12:49:08,024 jmrix.AbstractPortController          INFO  - Reconnected to communicationspi.local.:2048 [Connection Recovery communicationspi.local.:2048]
2023-01-30 12:49:38,401 jmrix.AbstractMRTrafficController     ERROR - Exit from rcv loop in class jmri.jmrix.jmriclient.JMRIClientTrafficController [jmriclient.JMRIClientTrafficController Receive thread]
2023-01-30 12:51:48,693 jmrix.AbstractNetworkPortController   ERROR - Error opening network connection: Connection timed out (Connection timed out) [Connection Recovery communicationspi.local.:2048]
2023-01-30 12:51:49,817 jmrix.AbstractPortController          INFO  - Reconnected to communicationspi.local.:2048 [Connection Recovery communicationspi.local.:2048]
2023-01-30 12:52:21,789 jmrix.AbstractMRTrafficController     ERROR - Exit from rcv loop in class jmri.jmrix.jmriclient.JMRIClientTrafficController [jmriclient.JMRIClientTrafficController Receive thread]
2023-01-30 12:54:32,532 jmrix.AbstractNetworkPortController   ERROR - Error opening network connection: Connection timed out (Connection timed out) [Connection Recovery communicationspi.local.:2048]
2023-01-30 12:54:33,655 jmrix.AbstractPortController          INFO  - Reconnected to communicationspi.local.:2048 [Connection Recovery communicationspi.local.:2048]
2023-01-30 12:55:08,124 jmrix.AbstractMRTrafficController     ERROR - Exit from rcv loop in class jmri.jmrix.jmriclient.JMRIClientTrafficController [jmriclient.JMRIClientTrafficController Receive thread]
2023-01-30 12:57:18,421 jmrix.AbstractNetworkPortController   ERROR - Error opening network connection: Connection timed out (Connection timed out) [Connection Recovery communicationspi.local.:2048]
2023-01-30 12:57:19,542 jmrix.AbstractPortController          INFO  - Reconnected to communicationspi.local.:2048 [Connection Recovery communicationspi.local.:2048]
2023-01-30 12:57:49,813 jmrix.AbstractMRTrafficController     ERROR - Exit from rcv loop in class jmri.jmrix.jmriclient.JMRIClientTrafficController [jmriclient.JMRIClientTrafficController Receive thread]
2023-01-30 13:00:00,212 jmrix.AbstractNetworkPortController   ERROR - Error opening network connection: Connection timed out (Connection timed out) [Connection Recovery communicationspi.local.:2048]
2023-01-30 13:00:01,334 jmrix.AbstractPortController          INFO  - Reconnected to communicationspi.local.:2048 [Connection Recovery communicationspi.local.:2048]
2023-01-30 13:00:03,200 audio.JoalAudioFactory                INFO  - Initialised JOAL using OpenAL: vendor - OpenAL Community version - 1.1 ALSOFT 1.20.0 [Listed Table Generation]
2023-01-30 13:01:09,845 jmrix.AbstractMRTrafficController     ERROR - Exit from rcv loop in class jmri.jmrix.jmriclient.JMRIClientTrafficController [jmriclient.JMRIClientTrafficController Receive thread]
2023-01-30 13:01:23,848 jmri.HWSignalHead                     WARN  - A SignalHead is missing the decoder definitions for off [AWT-EventQueue-0]
2023-01-30 13:02:42,580 jmri.HWSignalHead                     WARN  - A SignalHead is missing the decoder definitions for off [AWT-EventQueue-0]
2023-01-30 13:03:20,917 jmrix.AbstractNetworkPortController   ERROR - Error opening network connection: Connection timed out (Connection timed out) [Connection Recovery communicationspi.local.:2048]
2023-01-30 13:03:22,039 jmrix.AbstractPortController          INFO  - Reconnected to communicationspi.local.:2048 [Connection Recovery communicationspi.local.:2048]
2023-01-30 13:03:22,226 jmri.HWSignalHead                     WARN  - A SignalHead is missing the decoder definitions for off [AWT-EventQueue-0]
2023-01-30 13:03:28,409 audio.DefaultAudioManager             INFO  - Shutting down active AudioFactory [On Start/Stop]
2023-01-30 13:03:28,517 managers.DefaultShutDownManager       INFO  - Normal termination complete [AWT-EventQueue-0]
